Determining if the include file malloc/malloc.h exists failed with the following output:
Change Dir: /home/MLIR-Compiler/build/CMakeFiles/CMakeTmp

Run Build Command(s):/usr/bin/ninja cmTC_af17d && [1/2] Building C object CMakeFiles/cmTC_af17d.dir/CheckIncludeFile.c.o
FAILED: CMakeFiles/cmTC_af17d.dir/CheckIncludeFile.c.o 
/usr/bin/cc   -g -o CMakeFiles/cmTC_af17d.dir/CheckIncludeFile.c.o -c /home/MLIR-Compiler/build/CMakeFiles/CMakeTmp/CheckIncludeFile.c
/home/MLIR-Compiler/build/CMakeFiles/CMakeTmp/CheckIncludeFile.c:1:10: fatal error: malloc/malloc.h: No such file or directory
    1 | #include <malloc/malloc.h>
      |          ^~~~~~~~~~~~~~~~~
compilation terminated.
ninja: build stopped: subcommand failed.



Determining if the include file valgrind/valgrind.h exists failed with the following output:
Change Dir: /home/MLIR-Compiler/build/CMakeFiles/CMakeTmp

Run Build Command(s):/usr/bin/ninja cmTC_2f1c4 && [1/2] Building C object CMakeFiles/cmTC_2f1c4.dir/CheckIncludeFile.c.o
FAILED: CMakeFiles/cmTC_2f1c4.dir/CheckIncludeFile.c.o 
/usr/bin/cc   -g -o CMakeFiles/cmTC_2f1c4.dir/CheckIncludeFile.c.o -c /home/MLIR-Compiler/build/CMakeFiles/CMakeTmp/CheckIncludeFile.c
/home/MLIR-Compiler/build/CMakeFiles/CMakeTmp/CheckIncludeFile.c:1:10: fatal error: valgrind/valgrind.h: No such file or directory
    1 | #include <valgrind/valgrind.h>
      |          ^~~~~~~~~~~~~~~~~~~~~
compilation terminated.
ninja: build stopped: subcommand failed.



Determining if the include file mach/mach.h exists failed with the following output:
Change Dir: /home/MLIR-Compiler/build/CMakeFiles/CMakeTmp

Run Build Command(s):/usr/bin/ninja cmTC_096f0 && [1/2] Building C object CMakeFiles/cmTC_096f0.dir/CheckIncludeFile.c.o
FAILED: CMakeFiles/cmTC_096f0.dir/CheckIncludeFile.c.o 
/usr/bin/cc   -g -o CMakeFiles/cmTC_096f0.dir/CheckIncludeFile.c.o -c /home/MLIR-Compiler/build/CMakeFiles/CMakeTmp/CheckIncludeFile.c
/home/MLIR-Compiler/build/CMakeFiles/CMakeTmp/CheckIncludeFile.c:1:10: fatal error: mach/mach.h: No such file or directory
    1 | #include <mach/mach.h>
      |          ^~~~~~~~~~~~~
compilation terminated.
ninja: build stopped: subcommand failed.



Determining if the include file CrashReporterClient.h exists failed with the following output:
Change Dir: /home/MLIR-Compiler/build/CMakeFiles/CMakeTmp

Run Build Command(s):/usr/bin/ninja cmTC_4138f && [1/2] Building C object CMakeFiles/cmTC_4138f.dir/CheckIncludeFile.c.o
FAILED: CMakeFiles/cmTC_4138f.dir/CheckIncludeFile.c.o 
/usr/bin/cc   -g -o CMakeFiles/cmTC_4138f.dir/CheckIncludeFile.c.o -c /home/MLIR-Compiler/build/CMakeFiles/CMakeTmp/CheckIncludeFile.c
/home/MLIR-Compiler/build/CMakeFiles/CMakeTmp/CheckIncludeFile.c:1:10: fatal error: CrashReporterClient.h: No such file or directory
    1 | #include <CrashReporterClient.h>
      |          ^~~~~~~~~~~~~~~~~~~~~~~
compilation terminated.
ninja: build stopped: subcommand failed.



Determining if the function pfm_initialize exists in the pfm failed with the following output:
Change Dir: /home/MLIR-Compiler/build/CMakeFiles/CMakeTmp

Run Build Command(s):/usr/bin/ninja cmTC_8c529 && [1/2] Building C object CMakeFiles/cmTC_8c529.dir/CheckFunctionExists.c.o
[2/2] Linking C executable cmTC_8c529
FAILED: cmTC_8c529 
: && /usr/bin/cc -DCHECK_FUNCTION_EXISTS=pfm_initialize -g  CMakeFiles/cmTC_8c529.dir/CheckFunctionExists.c.o -o cmTC_8c529  -lpfm  -lm && :
/usr/bin/ld: cannot find -lpfm
collect2: error: ld returned 1 exit status
ninja: build stopped: subcommand failed.



Performing C SOURCE FILE Test CMAKE_HAVE_LIBC_PTHREAD failed with the following output:
Change Dir: /home/MLIR-Compiler/build/CMakeFiles/CMakeTmp

Run Build Command(s):/usr/bin/ninja cmTC_95226 && [1/2] Building C object CMakeFiles/cmTC_95226.dir/src.c.o
[2/2] Linking C executable cmTC_95226
FAILED: cmTC_95226 
: && /usr/bin/cc -g  CMakeFiles/cmTC_95226.dir/src.c.o -o cmTC_95226  -lm && :
/usr/bin/ld: CMakeFiles/cmTC_95226.dir/src.c.o: in function `main':
/home/MLIR-Compiler/build/CMakeFiles/CMakeTmp/src.c:11: undefined reference to `pthread_create'
/usr/bin/ld: /home/MLIR-Compiler/build/CMakeFiles/CMakeTmp/src.c:12: undefined reference to `pthread_detach'
/usr/bin/ld: /home/MLIR-Compiler/build/CMakeFiles/CMakeTmp/src.c:13: undefined reference to `pthread_cancel'
/usr/bin/ld: /home/MLIR-Compiler/build/CMakeFiles/CMakeTmp/src.c:14: undefined reference to `pthread_join'
collect2: error: ld returned 1 exit status
ninja: build stopped: subcommand failed.


Source file was:
#include <pthread.h>

static void* test_func(void* data)
{
  return data;
}

int main(void)
{
  pthread_t thread;
  pthread_create(&thread, NULL, test_func, NULL);
  pthread_detach(thread);
  pthread_cancel(thread);
  pthread_join(thread, NULL);
  pthread_atfork(NULL, NULL, NULL);
  pthread_exit(NULL);

  return 0;
}

Determining if the function pthread_create exists in the pthreads failed with the following output:
Change Dir: /home/MLIR-Compiler/build/CMakeFiles/CMakeTmp

Run Build Command(s):/usr/bin/ninja cmTC_8d39a && [1/2] Building C object CMakeFiles/cmTC_8d39a.dir/CheckFunctionExists.c.o
[2/2] Linking C executable cmTC_8d39a
FAILED: cmTC_8d39a 
: && /usr/bin/cc -DCHECK_FUNCTION_EXISTS=pthread_create -g  CMakeFiles/cmTC_8d39a.dir/CheckFunctionExists.c.o -o cmTC_8d39a  -lpthreads  -lm && :
/usr/bin/ld: cannot find -lpthreads
collect2: error: ld returned 1 exit status
ninja: build stopped: subcommand failed.



Determining if the function xar_open exists in the xar failed with the following output:
Change Dir: /home/MLIR-Compiler/build/CMakeFiles/CMakeTmp

Run Build Command(s):/usr/bin/ninja cmTC_b89c6 && [1/2] Building C object CMakeFiles/cmTC_b89c6.dir/CheckFunctionExists.c.o
[2/2] Linking C executable cmTC_b89c6
FAILED: cmTC_b89c6 
: && /usr/bin/cc -DCHECK_FUNCTION_EXISTS=xar_open -g  CMakeFiles/cmTC_b89c6.dir/CheckFunctionExists.c.o -o cmTC_b89c6  -lxar  -lm && :
/usr/bin/ld: cannot find -lxar
collect2: error: ld returned 1 exit status
ninja: build stopped: subcommand failed.



Determining if the arc4random exist failed with the following output:
Change Dir: /home/MLIR-Compiler/build/CMakeFiles/CMakeTmp

Run Build Command(s):/usr/bin/ninja cmTC_de7f7 && [1/2] Building C object CMakeFiles/cmTC_de7f7.dir/CheckSymbolExists.c.o
FAILED: CMakeFiles/cmTC_de7f7.dir/CheckSymbolExists.c.o 
/usr/bin/cc   -g -o CMakeFiles/cmTC_de7f7.dir/CheckSymbolExists.c.o -c /home/MLIR-Compiler/build/CMakeFiles/CMakeTmp/CheckSymbolExists.c
/home/MLIR-Compiler/build/CMakeFiles/CMakeTmp/CheckSymbolExists.c: In function 'main':
/home/MLIR-Compiler/build/CMakeFiles/CMakeTmp/CheckSymbolExists.c:8:19: error: 'arc4random' undeclared (first use in this function); did you mean 'srandom'?
    8 |   return ((int*)(&arc4random))[argc];
      |                   ^~~~~~~~~~
      |                   srandom
/home/MLIR-Compiler/build/CMakeFiles/CMakeTmp/CheckSymbolExists.c:8:19: note: each undeclared identifier is reported only once for each function it appears in
ninja: build stopped: subcommand failed.


File /home/MLIR-Compiler/build/CMakeFiles/CMakeTmp/CheckSymbolExists.c:
/* */
#include <stdlib.h>

int main(int argc, char** argv)
{
  (void)argv;
#ifndef arc4random
  return ((int*)(&arc4random))[argc];
#else
  (void)argc;
  return 0;
#endif
}
Performing C SOURCE FILE Test C_SUPPORTS_WERROR_UNGUARDED_AVAILABILITY_NEW failed with the following output:
Change Dir: /home/MLIR-Compiler/build/CMakeFiles/CMakeTmp

Run Build Command(s):/usr/bin/ninja cmTC_1c29e && [1/2] Building C object CMakeFiles/cmTC_1c29e.dir/src.c.o
FAILED: CMakeFiles/cmTC_1c29e.dir/src.c.o 
/usr/bin/cc -DC_SUPPORTS_WERROR_UNGUARDED_AVAILABILITY_NEW  -g   -Werror=unguarded-availability-new -o CMakeFiles/cmTC_1c29e.dir/src.c.o -c /home/MLIR-Compiler/build/CMakeFiles/CMakeTmp/src.c
cc1: error: '-Werror=unguarded-availability-new': no option -Wunguarded-availability-new
ninja: build stopped: subcommand failed.


Source file was:
int main(void) { return 0; }
Determining if the __unw_add_dynamic_fde exist failed with the following output:
Change Dir: /home/MLIR-Compiler/build/CMakeFiles/CMakeTmp

Run Build Command(s):/usr/bin/ninja cmTC_4c498 && [1/2] Building C object CMakeFiles/cmTC_4c498.dir/CheckSymbolExists.c.o
[2/2] Linking C executable cmTC_4c498
FAILED: cmTC_4c498 
: && /usr/bin/cc -g  CMakeFiles/cmTC_4c498.dir/CheckSymbolExists.c.o -o cmTC_4c498  -lm && :
/usr/bin/ld: CMakeFiles/cmTC_4c498.dir/CheckSymbolExists.c.o: in function `main':
/home/MLIR-Compiler/build/CMakeFiles/CMakeTmp/CheckSymbolExists.c:8: undefined reference to `__unw_add_dynamic_fde'
collect2: error: ld returned 1 exit status
ninja: build stopped: subcommand failed.


File /home/MLIR-Compiler/build/CMakeFiles/CMakeTmp/CheckSymbolExists.c:
/* */
#include </home/MLIR-Compiler/third_party/llvm-project/llvm/cmake/unwind.h>

int main(int argc, char** argv)
{
  (void)argv;
#ifndef __unw_add_dynamic_fde
  return ((int*)(&__unw_add_dynamic_fde))[argc];
#else
  (void)argc;
  return 0;
#endif
}
Determining if the mallctl exist failed with the following output:
Change Dir: /home/MLIR-Compiler/build/CMakeFiles/CMakeTmp

Run Build Command(s):/usr/bin/ninja cmTC_8850a && [1/2] Building C object CMakeFiles/cmTC_8850a.dir/CheckSymbolExists.c.o
FAILED: CMakeFiles/cmTC_8850a.dir/CheckSymbolExists.c.o 
/usr/bin/cc   -g -o CMakeFiles/cmTC_8850a.dir/CheckSymbolExists.c.o -c /home/MLIR-Compiler/build/CMakeFiles/CMakeTmp/CheckSymbolExists.c
/home/MLIR-Compiler/build/CMakeFiles/CMakeTmp/CheckSymbolExists.c:2:10: fatal error: malloc_np.h: No such file or directory
    2 | #include <malloc_np.h>
      |          ^~~~~~~~~~~~~
compilation terminated.
ninja: build stopped: subcommand failed.


File /home/MLIR-Compiler/build/CMakeFiles/CMakeTmp/CheckSymbolExists.c:
/* */
#include <malloc_np.h>

int main(int argc, char** argv)
{
  (void)argv;
#ifndef mallctl
  return ((int*)(&mallctl))[argc];
#else
  (void)argc;
  return 0;
#endif
}
Determining if the mallinfo2 exist failed with the following output:
Change Dir: /home/MLIR-Compiler/build/CMakeFiles/CMakeTmp

Run Build Command(s):/usr/bin/ninja cmTC_db7b3 && [1/2] Building C object CMakeFiles/cmTC_db7b3.dir/CheckSymbolExists.c.o
FAILED: CMakeFiles/cmTC_db7b3.dir/CheckSymbolExists.c.o 
/usr/bin/cc   -g -o CMakeFiles/cmTC_db7b3.dir/CheckSymbolExists.c.o -c /home/MLIR-Compiler/build/CMakeFiles/CMakeTmp/CheckSymbolExists.c
/home/MLIR-Compiler/build/CMakeFiles/CMakeTmp/CheckSymbolExists.c: In function 'main':
/home/MLIR-Compiler/build/CMakeFiles/CMakeTmp/CheckSymbolExists.c:8:19: error: 'mallinfo2' undeclared (first use in this function); did you mean 'mallinfo'?
    8 |   return ((int*)(&mallinfo2))[argc];
      |                   ^~~~~~~~~
      |                   mallinfo
/home/MLIR-Compiler/build/CMakeFiles/CMakeTmp/CheckSymbolExists.c:8:19: note: each undeclared identifier is reported only once for each function it appears in
ninja: build stopped: subcommand failed.


File /home/MLIR-Compiler/build/CMakeFiles/CMakeTmp/CheckSymbolExists.c:
/* */
#include <malloc.h>

int main(int argc, char** argv)
{
  (void)argv;
#ifndef mallinfo2
  return ((int*)(&mallinfo2))[argc];
#else
  (void)argc;
  return 0;
#endif
}
Determining if the malloc_zone_statistics exist failed with the following output:
Change Dir: /home/MLIR-Compiler/build/CMakeFiles/CMakeTmp

Run Build Command(s):/usr/bin/ninja cmTC_c44d0 && [1/2] Building C object CMakeFiles/cmTC_c44d0.dir/CheckSymbolExists.c.o
FAILED: CMakeFiles/cmTC_c44d0.dir/CheckSymbolExists.c.o 
/usr/bin/cc   -g -o CMakeFiles/cmTC_c44d0.dir/CheckSymbolExists.c.o -c /home/MLIR-Compiler/build/CMakeFiles/CMakeTmp/CheckSymbolExists.c
/home/MLIR-Compiler/build/CMakeFiles/CMakeTmp/CheckSymbolExists.c:2:10: fatal error: malloc/malloc.h: No such file or directory
    2 | #include <malloc/malloc.h>
      |          ^~~~~~~~~~~~~~~~~
compilation terminated.
ninja: build stopped: subcommand failed.


File /home/MLIR-Compiler/build/CMakeFiles/CMakeTmp/CheckSymbolExists.c:
/* */
#include <malloc/malloc.h>

int main(int argc, char** argv)
{
  (void)argv;
#ifndef malloc_zone_statistics
  return ((int*)(&malloc_zone_statistics))[argc];
#else
  (void)argc;
  return 0;
#endif
}
Determining if the strerror_s exist failed with the following output:
Change Dir: /home/MLIR-Compiler/build/CMakeFiles/CMakeTmp

Run Build Command(s):/usr/bin/ninja cmTC_aff14 && [1/2] Building C object CMakeFiles/cmTC_aff14.dir/CheckSymbolExists.c.o
FAILED: CMakeFiles/cmTC_aff14.dir/CheckSymbolExists.c.o 
/usr/bin/cc   -g -o CMakeFiles/cmTC_aff14.dir/CheckSymbolExists.c.o -c /home/MLIR-Compiler/build/CMakeFiles/CMakeTmp/CheckSymbolExists.c
/home/MLIR-Compiler/build/CMakeFiles/CMakeTmp/CheckSymbolExists.c: In function 'main':
/home/MLIR-Compiler/build/CMakeFiles/CMakeTmp/CheckSymbolExists.c:8:19: error: 'strerror_s' undeclared (first use in this function); did you mean 'strerror_l'?
    8 |   return ((int*)(&strerror_s))[argc];
      |                   ^~~~~~~~~~
      |                   strerror_l
/home/MLIR-Compiler/build/CMakeFiles/CMakeTmp/CheckSymbolExists.c:8:19: note: each undeclared identifier is reported only once for each function it appears in
ninja: build stopped: subcommand failed.


File /home/MLIR-Compiler/build/CMakeFiles/CMakeTmp/CheckSymbolExists.c:
/* */
#include <string.h>

int main(int argc, char** argv)
{
  (void)argv;
#ifndef strerror_s
  return ((int*)(&strerror_s))[argc];
#else
  (void)argc;
  return 0;
#endif
}
Performing C SOURCE FILE Test HAVE_STRUCT_STAT_ST_MTIMESPEC_TV_NSEC failed with the following output:
Change Dir: /home/MLIR-Compiler/build/CMakeFiles/CMakeTmp

Run Build Command(s):/usr/bin/ninja cmTC_4f7ab && [1/2] Building C object CMakeFiles/cmTC_4f7ab.dir/src.c.o
FAILED: CMakeFiles/cmTC_4f7ab.dir/src.c.o 
/usr/bin/cc -DHAVE_STRUCT_STAT_ST_MTIMESPEC_TV_NSEC  -g -o CMakeFiles/cmTC_4f7ab.dir/src.c.o -c /home/MLIR-Compiler/build/CMakeFiles/CMakeTmp/src.c
/home/MLIR-Compiler/build/CMakeFiles/CMakeTmp/src.c: In function 'main':
/home/MLIR-Compiler/build/CMakeFiles/CMakeTmp/src.c:7:34: error: 'struct stat' has no member named 'st_mtimespec'
    7 |   (void)sizeof(((struct stat *)0)->st_mtimespec.tv_nsec);
      |                                  ^~
ninja: build stopped: subcommand failed.


Source file was:

#include <sys/types.h>
#include <sys/stat.h>

int main()
{
  (void)sizeof(((struct stat *)0)->st_mtimespec.tv_nsec);
  return 0;
}

Determining if the proc_pid_rusage exist failed with the following output:
Change Dir: /home/MLIR-Compiler/build/CMakeFiles/CMakeTmp

Run Build Command(s):/usr/bin/ninja cmTC_9bbe5 && [1/2] Building C object CMakeFiles/cmTC_9bbe5.dir/CheckSymbolExists.c.o
FAILED: CMakeFiles/cmTC_9bbe5.dir/CheckSymbolExists.c.o 
/usr/bin/cc -D_GNU_SOURCE  -g -o CMakeFiles/cmTC_9bbe5.dir/CheckSymbolExists.c.o -c /home/MLIR-Compiler/build/CMakeFiles/CMakeTmp/CheckSymbolExists.c
/home/MLIR-Compiler/build/CMakeFiles/CMakeTmp/CheckSymbolExists.c:2:10: fatal error: libproc.h: No such file or directory
    2 | #include <libproc.h>
      |          ^~~~~~~~~~~
compilation terminated.
ninja: build stopped: subcommand failed.


File /home/MLIR-Compiler/build/CMakeFiles/CMakeTmp/CheckSymbolExists.c:
/* */
#include <libproc.h>

int main(int argc, char** argv)
{
  (void)argv;
#ifndef proc_pid_rusage
  return ((int*)(&proc_pid_rusage))[argc];
#else
  (void)argc;
  return 0;
#endif
}
Performing C++ SOURCE FILE Test SUPPORTS_GNU_ZERO_VARIADIC_MACRO_ARGUMENTS_FLAG failed with the following output:
Change Dir: /home/MLIR-Compiler/build/CMakeFiles/CMakeTmp

Run Build Command(s):/usr/bin/ninja cmTC_85b58 && [1/2] Building CXX object CMakeFiles/cmTC_85b58.dir/src.cxx.o
FAILED: CMakeFiles/cmTC_85b58.dir/src.cxx.o 
/usr/bin/c++ -DSUPPORTS_GNU_ZERO_VARIADIC_MACRO_ARGUMENTS_FLAG  -fno-rtti  -g   -Wgnu-zero-variadic-macro-arguments -std=c++17 -o CMakeFiles/cmTC_85b58.dir/src.cxx.o -c /home/MLIR-Compiler/build/CMakeFiles/CMakeTmp/src.cxx
c++: error: unrecognized command line option '-Wgnu-zero-variadic-macro-arguments'
ninja: build stopped: subcommand failed.


Source file was:
int main() { return 0; }
Performing C++ SOURCE FILE Test CXX_SUPPORTS_WERROR_UNGUARDED_AVAILABILITY_NEW failed with the following output:
Change Dir: /home/MLIR-Compiler/build/CMakeFiles/CMakeTmp

Run Build Command(s):/usr/bin/ninja cmTC_f3f51 && [1/2] Building CXX object CMakeFiles/cmTC_f3f51.dir/src.cxx.o
FAILED: CMakeFiles/cmTC_f3f51.dir/src.cxx.o 
/usr/bin/c++ -DCXX_SUPPORTS_WERROR_UNGUARDED_AVAILABILITY_NEW  -fno-rtti -fPIC -fno-semantic-interposition -fvisibility-inlines-hidden -Werror=date-time  -g   -Werror -Werror=unguarded-availability-new -std=c++17 -o CMakeFiles/cmTC_f3f51.dir/src.cxx.o -c /home/MLIR-Compiler/build/CMakeFiles/CMakeTmp/src.cxx
cc1plus: error: '-Werror=unguarded-availability-new': no option -Wunguarded-availability-new
ninja: build stopped: subcommand failed.


Source file was:
int main() { return 0; }
Performing C++ SOURCE FILE Test LINKER_SUPPORTS_COLOR_DIAGNOSTICS failed with the following output:
Change Dir: /home/MLIR-Compiler/build/CMakeFiles/CMakeTmp

Run Build Command(s):/usr/bin/ninja cmTC_36794 && [1/2] Building CXX object CMakeFiles/cmTC_36794.dir/src.cxx.o
[2/2] Linking CXX executable cmTC_36794
FAILED: cmTC_36794 
: && /usr/bin/c++ -fno-rtti -fPIC -fno-semantic-interposition -fvisibility-inlines-hidden -Werror=date-time -w -fdiagnostics-color  -g -Wl,--color-diagnostics CMakeFiles/cmTC_36794.dir/src.cxx.o -o cmTC_36794  -lm && :
/usr/bin/ld: unrecognized option '--color-diagnostics'
/usr/bin/ld: use the --help option for usage information
collect2: error: ld returned 1 exit status
ninja: build stopped: subcommand failed.


Source file was:
int main() { return 0; }
Determining if the os_signpost_interval_begin exist failed with the following output:
Change Dir: /home/MLIR-Compiler/build/CMakeFiles/CMakeTmp

Run Build Command(s):/usr/bin/ninja cmTC_36694 && [1/2] Building C object CMakeFiles/cmTC_36694.dir/CheckSymbolExists.c.o
FAILED: CMakeFiles/cmTC_36694.dir/CheckSymbolExists.c.o 
/usr/bin/cc -D_GNU_SOURCE  -fPIC -fno-semantic-interposition -w -fdiagnostics-color  -g -o CMakeFiles/cmTC_36694.dir/CheckSymbolExists.c.o -c /home/MLIR-Compiler/build/CMakeFiles/CMakeTmp/CheckSymbolExists.c
/home/MLIR-Compiler/build/CMakeFiles/CMakeTmp/CheckSymbolExists.c:2:10: fatal error: os/signpost.h: No such file or directory
    2 | #include <os/signpost.h>
      |          ^~~~~~~~~~~~~~~
compilation terminated.
ninja: build stopped: subcommand failed.


File /home/MLIR-Compiler/build/CMakeFiles/CMakeTmp/CheckSymbolExists.c:
/* */
#include <os/signpost.h>

int main(int argc, char** argv)
{
  (void)argv;
#ifndef os_signpost_interval_begin
  return ((int*)(&os_signpost_interval_begin))[argc];
#else
  (void)argc;
  return 0;
#endif
}
Performing C++ SOURCE FILE Test HAS_WERROR_GLOBAL_CTORS failed with the following output:
Change Dir: /home/MLIR-Compiler/build/CMakeFiles/CMakeTmp

Run Build Command(s):/usr/bin/ninja cmTC_7266c && [1/2] Building CXX object CMakeFiles/cmTC_7266c.dir/src.cxx.o
FAILED: CMakeFiles/cmTC_7266c.dir/src.cxx.o 
/usr/bin/c++ -DHAS_WERROR_GLOBAL_CTORS  -fno-rtti -fPIC -fno-semantic-interposition -fvisibility-inlines-hidden -Werror=date-time -w -fdiagnostics-color  -g   -Werror=global-constructors -std=c++17 -o CMakeFiles/cmTC_7266c.dir/src.cxx.o -c /home/MLIR-Compiler/build/CMakeFiles/CMakeTmp/src.cxx
cc1plus: error: '-Werror=global-constructors': no option -Wglobal-constructors
ninja: build stopped: subcommand failed.


Source file was:
int main() { return 0; }
Performing C SOURCE FILE Test C_SUPPORTS_WERROR_MISMATCHED_TAGS failed with the following output:
Change Dir: /home/MLIR-Compiler/build/CMakeFiles/CMakeTmp

Run Build Command(s):/usr/bin/ninja cmTC_0004c && [1/2] Building C object CMakeFiles/cmTC_0004c.dir/src.c.o
FAILED: CMakeFiles/cmTC_0004c.dir/src.c.o 
/usr/bin/cc -DC_SUPPORTS_WERROR_MISMATCHED_TAGS  -fPIC -fno-semantic-interposition -Werror=date-time -w -fdiagnostics-color -Werror=implicit-function-declaration  -g   -Werror=mismatched-tags -o CMakeFiles/cmTC_0004c.dir/src.c.o -c /home/MLIR-Compiler/build/CMakeFiles/CMakeTmp/src.c
cc1: error: '-Werror=mismatched-tags': no option -Wmismatched-tags
ninja: build stopped: subcommand failed.


Source file was:
int main(void) { return 0; }
Performing C SOURCE FILE Test C_SUPPORTS_WERROR_GLOBAL_CONSTRUCTOR failed with the following output:
Change Dir: /home/MLIR-Compiler/build/CMakeFiles/CMakeTmp

Run Build Command(s):/usr/bin/ninja cmTC_808a0 && [1/2] Building C object CMakeFiles/cmTC_808a0.dir/src.c.o
FAILED: CMakeFiles/cmTC_808a0.dir/src.c.o 
/usr/bin/cc -DC_SUPPORTS_WERROR_GLOBAL_CONSTRUCTOR  -fPIC -fno-semantic-interposition -Werror=date-time -w -fdiagnostics-color -Werror=implicit-function-declaration  -g   -Werror -Werror=global-constructors -o CMakeFiles/cmTC_808a0.dir/src.c.o -c /home/MLIR-Compiler/build/CMakeFiles/CMakeTmp/src.c
cc1: error: '-Werror=global-constructors': no option -Wglobal-constructors
ninja: build stopped: subcommand failed.


Source file was:
int main(void) { return 0; }
Performing C++ SOURCE FILE Test CXX_SUPPORTS_WERROR_GLOBAL_CONSTRUCTOR failed with the following output:
Change Dir: /home/MLIR-Compiler/build/CMakeFiles/CMakeTmp

Run Build Command(s):/usr/bin/ninja cmTC_8326a && [1/2] Building CXX object CMakeFiles/cmTC_8326a.dir/src.cxx.o
FAILED: CMakeFiles/cmTC_8326a.dir/src.cxx.o 
/usr/bin/c++ -DCXX_SUPPORTS_WERROR_GLOBAL_CONSTRUCTOR  -fno-rtti -fPIC -fno-semantic-interposition -fvisibility-inlines-hidden -Werror=date-time -w -fdiagnostics-color  -g   -Werror -Werror=global-constructors -std=c++17 -o CMakeFiles/cmTC_8326a.dir/src.cxx.o -c /home/MLIR-Compiler/build/CMakeFiles/CMakeTmp/src.cxx
cc1plus: error: '-Werror=global-constructors': no option -Wglobal-constructors
ninja: build stopped: subcommand failed.


Source file was:
int main() { return 0; }
